============================= test session starts ==============================
platform linux -- Python 3.11.11, pytest-8.3.4, pluggy-1.5.0
rootdir: /home/aadey/workspace/data_enrichment/GiKA-Flywheel
collected 1 item

tests/test_url_collector.py IMPORTANT DEBUG - {'IsTor': True, 'IP': '185.220.101.38'}
Proxy Port: 9051
Control Port: 9051
Thread ID: 1
Number of Queries: 1000
Proxies: {'http': 'socks5h://127.0.0.1:9051', 'https': 'socks5h://127.0.0.1:9051'}
getProxy(): socks5h://127.0.0.1:9051
IP -  185.220.101.38
DEBUG IMPORTANT IMPORTANT IMPORTANT : Fetching results for query: 'a' '(10) results'...
DEBUG IMPORTANT IMPORTANT IMPORTANT : Fetching results for query: 'ability' '(10) results'...
DEBUG IMPORTANT IMPORTANT IMPORTANT : Fetching results for query: 'able' '(10) results'...
DEBUG IMPORTANT IMPORTANT IMPORTANT : Fetching results for query: 'about' '(10) results'...
DEBUG IMPORTANT IMPORTANT IMPORTANT : Fetching results for query: 'above' '(10) results'...
DEBUG IMPORTANT IMPORTANT IMPORTANT : Fetching results for query: 'accept' '(10) results'...
DEBUG IMPORTANT IMPORTANT IMPORTANT : Fetching results for query: 'according' '(10) results'...
DEBUG IMPORTANT IMPORTANT IMPORTANT : Fetching results for query: 'account' '(10) results'...
DEBUG IMPORTANT IMPORTANT IMPORTANT : Fetching results for query: 'across' '(10) results'...
DEBUG IMPORTANT IMPORTANT IMPORTANT : Fetching results for query: 'act' '(10) results'...
DEBUG IMPORTANT IMPORTANT IMPORTANT : Fetching results for query: 'action' '(10) results'...
DEBUG IMPORTANT IMPORTANT IMPORTANT : Fetching results for query: 'activity' '(10) results'...
DEBUG IMPORTANT IMPORTANT IMPORTANT : Fetching results for query: 'actually' '(10) results'...
DEBUG IMPORTANT IMPORTANT IMPORTANT : Fetching results for query: 'add' '(10) results'...
DEBUG IMPORTANT IMPORTANT IMPORTANT : Fetching results for query: 'address' '(10) results'...
DEBUG IMPORTANT IMPORTANT IMPORTANT : Fetching results for query: 'administration' '(10) results'...
DEBUG IMPORTANT IMPORTANT IMPORTANT : Fetching results for query: 'admit' '(10) results'...
DEBUG IMPORTANT IMPORTANT IMPORTANT : Fetching results for query: 'adult' '(10) results'...
DEBUG IMPORTANT IMPORTANT IMPORTANT : Fetching results for query: 'affect' '(10) results'...
DEBUG IMPORTANT IMPORTANT IMPORTANT : Fetching results for query: 'after' '(10) results'...


!!!!!!!!!!!!!!!!!!!!!!!!!!!!!! KeyboardInterrupt !!!!!!!!!!!!!!!!!!!!!!!!!!!!!!!
/opt/miniconda/envs/flywheel/lib/python3.11/threading.py:1139: KeyboardInterrupt
(to show a full traceback on KeyboardInterrupt use --full-trace)
====================== no tests ran in 364.63s (0:06:04) =======================
============================= test session starts ==============================
platform linux -- Python 3.11.11, pytest-8.3.4, pluggy-1.5.0
rootdir: /home/aadey/workspace/data_enrichment/GiKA-Flywheel
collected 1 item

tests/test_url_collector.py IMPORTANT DEBUG - {'IsTor': True, 'IP': '104.244.77.208'}
Proxy Port: 9051
Control Port: 9051
Thread ID: 1
Number of Queries: 1000
Proxies: {'http': 'socks5h://127.0.0.1:9051', 'https': 'socks5h://127.0.0.1:9051'}
getProxy(): socks5h://127.0.0.1:9051
IP -  104.244.77.208
DEBUG IMPORTANT IMPORTANT IMPORTANT : Fetching results for query: 'a' '(10) results'...
DEBUG IMPORTANT IMPORTANT IMPORTANT : Fetching results for query: 'ability' '(10) results'...
DEBUG IMPORTANT IMPORTANT IMPORTANT : Fetching results for query: 'able' '(10) results'...
DEBUG IMPORTANT IMPORTANT IMPORTANT : Fetching results for query: 'about' '(10) results'...
DEBUG IMPORTANT IMPORTANT IMPORTANT : Fetching results for query: 'above' '(10) results'...
DEBUG IMPORTANT IMPORTANT IMPORTANT : Fetching results for query: 'accept' '(10) results'...
DEBUG IMPORTANT IMPORTANT IMPORTANT : Fetching results for query: 'according' '(10) results'...
DEBUG IMPORTANT IMPORTANT IMPORTANT : Fetching results for query: 'account' '(10) results'...
DEBUG IMPORTANT IMPORTANT IMPORTANT : Fetching results for query: 'across' '(10) results'...
DEBUG IMPORTANT IMPORTANT IMPORTANT : Fetching results for query: 'act' '(10) results'...
DEBUG IMPORTANT IMPORTANT IMPORTANT : Fetching results for query: 'action' '(10) results'...
DEBUG IMPORTANT IMPORTANT IMPORTANT : Fetching results for query: 'activity' '(10) results'...
DEBUG IMPORTANT IMPORTANT IMPORTANT : Fetching results for query: 'actually' '(10) results'...
DEBUG IMPORTANT IMPORTANT IMPORTANT : Fetching results for query: 'add' '(10) results'...
DEBUG IMPORTANT IMPORTANT IMPORTANT : Fetching results for query: 'address' '(10) results'...
DEBUG IMPORTANT IMPORTANT IMPORTANT : Fetching results for query: 'administration' '(10) results'...
DEBUG IMPORTANT IMPORTANT IMPORTANT : Fetching results for query: 'admit' '(10) results'...
DEBUG IMPORTANT IMPORTANT IMPORTANT : Fetching results for query: 'adult' '(10) results'...
DEBUG IMPORTANT IMPORTANT IMPORTANT : Fetching results for query: 'affect' '(10) results'...
DEBUG IMPORTANT IMPORTANT IMPORTANT : Fetching results for query: 'after' '(10) results'...
DEBUG IMPORTANT IMPORTANT IMPORTANT : Fetching results for query: 'again' '(10) results'...
DEBUG IMPORTANT IMPORTANT IMPORTANT : Fetching results for query: 'against' '(10) results'...
DEBUG IMPORTANT IMPORTANT IMPORTANT : Fetching results for query: 'age' '(10) results'...
DEBUG IMPORTANT IMPORTANT IMPORTANT : Fetching results for query: 'agency' '(10) results'...
DEBUG IMPORTANT IMPORTANT IMPORTANT : Fetching results for query: 'agent' '(10) results'...
DEBUG IMPORTANT IMPORTANT IMPORTANT : Fetching results for query: 'ago' '(10) results'...
DEBUG IMPORTANT IMPORTANT IMPORTANT : Fetching results for query: 'agree' '(10) results'...
DEBUG IMPORTANT IMPORTANT IMPORTANT : Fetching results for query: 'agreement' '(10) results'...
DEBUG IMPORTANT IMPORTANT IMPORTANT : Fetching results for query: 'ahead' '(10) results'...
DEBUG IMPORTANT IMPORTANT IMPORTANT : Fetching results for query: 'air' '(10) results'...
DEBUG IMPORTANT IMPORTANT IMPORTANT : Fetching results for query: 'all' '(10) results'...
DEBUG IMPORTANT IMPORTANT IMPORTANT : Fetching results for query: 'allow' '(10) results'...
DEBUG IMPORTANT IMPORTANT IMPORTANT : Fetching results for query: 'almost' '(10) results'...
DEBUG IMPORTANT IMPORTANT IMPORTANT : Fetching results for query: 'alone' '(10) results'...
DEBUG IMPORTANT IMPORTANT IMPORTANT : Fetching results for query: 'along' '(10) results'...
DEBUG IMPORTANT IMPORTANT IMPORTANT : Fetching results for query: 'already' '(10) results'...
DEBUG IMPORTANT IMPORTANT IMPORTANT : Fetching results for query: 'also' '(10) results'...
DEBUG IMPORTANT IMPORTANT IMPORTANT : Fetching results for query: 'although' '(10) results'...
DEBUG IMPORTANT IMPORTANT IMPORTANT : Fetching results for query: 'always' '(10) results'...
DEBUG IMPORTANT IMPORTANT IMPORTANT : Fetching results for query: 'American' '(10) results'...
DEBUG IMPORTANT IMPORTANT IMPORTANT : Fetching results for query: 'among' '(10) results'...
DEBUG IMPORTANT IMPORTANT IMPORTANT : Fetching results for query: 'amount' '(10) results'...
DEBUG IMPORTANT IMPORTANT IMPORTANT : Fetching results for query: 'analysis' '(10) results'...
DEBUG IMPORTANT IMPORTANT IMPORTANT : Fetching results for query: 'and' '(10) results'...
DEBUG IMPORTANT IMPORTANT IMPORTANT : Fetching results for query: 'animal' '(10) results'...
DEBUG IMPORTANT IMPORTANT IMPORTANT : Fetching results for query: 'another' '(10) results'...
DEBUG IMPORTANT IMPORTANT IMPORTANT : Fetching results for query: 'answer' '(10) results'...
DEBUG IMPORTANT IMPORTANT IMPORTANT : Fetching results for query: 'any' '(10) results'...
DEBUG IMPORTANT IMPORTANT IMPORTANT : Fetching results for query: 'anyone' '(10) results'...
DEBUG IMPORTANT IMPORTANT IMPORTANT : Fetching results for query: 'anything' '(10) results'...
DEBUG IMPORTANT IMPORTANT IMPORTANT : Fetching results for query: 'appear' '(10) results'...
DEBUG IMPORTANT IMPORTANT IMPORTANT : Fetching results for query: 'apply' '(10) results'...
DEBUG IMPORTANT IMPORTANT IMPORTANT : Fetching results for query: 'approach' '(10) results'...
DEBUG IMPORTANT IMPORTANT IMPORTANT : Fetching results for query: 'area' '(10) results'...
DEBUG IMPORTANT IMPORTANT IMPORTANT : Fetching results for query: 'argue' '(10) results'...
DEBUG IMPORTANT IMPORTANT IMPORTANT : Fetching results for query: 'arm' '(10) results'...
DEBUG IMPORTANT IMPORTANT IMPORTANT : Fetching results for query: 'around' '(10) results'...
DEBUG IMPORTANT IMPORTANT IMPORTANT : Fetching results for query: 'arrive' '(10) results'...
DEBUG IMPORTANT IMPORTANT IMPORTANT : Fetching results for query: 'art' '(10) results'...
DEBUG IMPORTANT IMPORTANT IMPORTANT : Fetching results for query: 'article' '(10) results'...
DEBUG IMPORTANT IMPORTANT IMPORTANT : Fetching results for query: 'artist' '(10) results'...
DEBUG IMPORTANT IMPORTANT IMPORTANT : Fetching results for query: 'as' '(10) results'...
DEBUG IMPORTANT IMPORTANT IMPORTANT : Fetching results for query: 'ask' '(10) results'...
DEBUG IMPORTANT IMPORTANT IMPORTANT : Fetching results for query: 'assume' '(10) results'...
DEBUG IMPORTANT IMPORTANT IMPORTANT : Fetching results for query: 'at' '(10) results'...
DEBUG IMPORTANT IMPORTANT IMPORTANT : Fetching results for query: 'attack' '(10) results'...
DEBUG IMPORTANT IMPORTANT IMPORTANT : Fetching results for query: 'attention' '(10) results'...
DEBUG IMPORTANT IMPORTANT IMPORTANT : Fetching results for query: 'attorney' '(10) results'...
DEBUG IMPORTANT IMPORTANT IMPORTANT : Fetching results for query: 'audience' '(10) results'...
DEBUG IMPORTANT IMPORTANT IMPORTANT : Fetching results for query: 'author' '(10) results'...
DEBUG IMPORTANT IMPORTANT IMPORTANT : Fetching results for query: 'authority' '(10) results'...
DEBUG IMPORTANT IMPORTANT IMPORTANT : Fetching results for query: 'available' '(10) results'...
DEBUG IMPORTANT IMPORTANT IMPORTANT : Fetching results for query: 'avoid' '(10) results'...
DEBUG IMPORTANT IMPORTANT IMPORTANT : Fetching results for query: 'away' '(10) results'...
DEBUG IMPORTANT IMPORTANT IMPORTANT : Fetching results for query: 'baby' '(10) results'...
DEBUG IMPORTANT IMPORTANT IMPORTANT : Fetching results for query: 'back' '(10) results'...
DEBUG IMPORTANT IMPORTANT IMPORTANT : Fetching results for query: 'bad' '(10) results'...
DEBUG IMPORTANT IMPORTANT IMPORTANT : Fetching results for query: 'bag' '(10) results'...
DEBUG IMPORTANT IMPORTANT IMPORTANT : Fetching results for query: 'ball' '(10) results'...
DEBUG IMPORTANT IMPORTANT IMPORTANT : Fetching results for query: 'bank' '(10) results'...
DEBUG IMPORTANT IMPORTANT IMPORTANT : Fetching results for query: 'bar' '(10) results'...
DEBUG IMPORTANT IMPORTANT IMPORTANT : Fetching results for query: 'base' '(10) results'...
DEBUG IMPORTANT IMPORTANT IMPORTANT : Fetching results for query: 'be' '(10) results'...
DEBUG IMPORTANT IMPORTANT IMPORTANT : Fetching results for query: 'beat' '(10) results'...
DEBUG IMPORTANT IMPORTANT IMPORTANT : Fetching results for query: 'beautiful' '(10) results'...
DEBUG IMPORTANT IMPORTANT IMPORTANT : Fetching results for query: 'because' '(10) results'...
DEBUG IMPORTANT IMPORTANT IMPORTANT : Fetching results for query: 'become' '(10) results'...
DEBUG IMPORTANT IMPORTANT IMPORTANT : Fetching results for query: 'bed' '(10) results'...
DEBUG IMPORTANT IMPORTANT IMPORTANT : Fetching results for query: 'before' '(10) results'...
DEBUG IMPORTANT IMPORTANT IMPORTANT : Fetching results for query: 'begin' '(10) results'...
DEBUG IMPORTANT IMPORTANT IMPORTANT : Fetching results for query: 'behavior' '(10) results'...
DEBUG IMPORTANT IMPORTANT IMPORTANT : Fetching results for query: 'behind' '(10) results'...
DEBUG IMPORTANT IMPORTANT IMPORTANT : Fetching results for query: 'believe' '(10) results'...
DEBUG IMPORTANT IMPORTANT IMPORTANT : Fetching results for query: 'benefit' '(10) results'...
DEBUG IMPORTANT IMPORTANT IMPORTANT : Fetching results for query: 'best' '(10) results'...
DEBUG IMPORTANT IMPORTANT IMPORTANT : Fetching results for query: 'better' '(10) results'...
DEBUG IMPORTANT IMPORTANT IMPORTANT : Fetching results for query: 'between' '(10) results'...
DEBUG IMPORTANT IMPORTANT IMPORTANT : Fetching results for query: 'beyond' '(10) results'...
DEBUG IMPORTANT IMPORTANT IMPORTANT : Fetching results for query: 'big' '(10) results'...
DEBUG IMPORTANT IMPORTANT IMPORTANT : Fetching results for query: 'bill' '(10) results'...
DEBUG IMPORTANT IMPORTANT IMPORTANT : Fetching results for query: 'billion' '(10) results'...
DEBUG IMPORTANT IMPORTANT IMPORTANT : Fetching results for query: 'bit' '(10) results'...
DEBUG IMPORTANT IMPORTANT IMPORTANT : Fetching results for query: 'black' '(10) results'...
DEBUG IMPORTANT IMPORTANT IMPORTANT : Fetching results for query: 'blood' '(10) results'...
DEBUG IMPORTANT IMPORTANT IMPORTANT : Fetching results for query: 'blue' '(10) results'...
DEBUG IMPORTANT IMPORTANT IMPORTANT : Fetching results for query: 'board' '(10) results'...
DEBUG IMPORTANT IMPORTANT IMPORTANT : Fetching results for query: 'body' '(10) results'...
DEBUG IMPORTANT IMPORTANT IMPORTANT : Fetching results for query: 'book' '(10) results'...
DEBUG IMPORTANT IMPORTANT IMPORTANT : Fetching results for query: 'born' '(10) results'...
DEBUG IMPORTANT IMPORTANT IMPORTANT : Fetching results for query: 'both' '(10) results'...
DEBUG IMPORTANT IMPORTANT IMPORTANT : Fetching results for query: 'box' '(10) results'...
DEBUG IMPORTANT IMPORTANT IMPORTANT : Fetching results for query: 'boy' '(10) results'...
DEBUG IMPORTANT IMPORTANT IMPORTANT : Fetching results for query: 'break' '(10) results'...
DEBUG IMPORTANT IMPORTANT IMPORTANT : Fetching results for query: 'bring' '(10) results'...
DEBUG IMPORTANT IMPORTANT IMPORTANT : Fetching results for query: 'brother' '(10) results'...
DEBUG IMPORTANT IMPORTANT IMPORTANT : Fetching results for query: 'budget' '(10) results'...
DEBUG IMPORTANT IMPORTANT IMPORTANT : Fetching results for query: 'build' '(10) results'...
DEBUG IMPORTANT IMPORTANT IMPORTANT : Fetching results for query: 'building' '(10) results'...
DEBUG IMPORTANT IMPORTANT IMPORTANT : Fetching results for query: 'business' '(10) results'...
DEBUG IMPORTANT IMPORTANT IMPORTANT : Fetching results for query: 'but' '(10) results'...
DEBUG IMPORTANT IMPORTANT IMPORTANT : Fetching results for query: 'buy' '(10) results'...
DEBUG IMPORTANT IMPORTANT IMPORTANT : Fetching results for query: 'by' '(10) results'...
DEBUG IMPORTANT IMPORTANT IMPORTANT : Fetching results for query: 'call' '(10) results'...
DEBUG IMPORTANT IMPORTANT IMPORTANT : Fetching results for query: 'camera' '(10) results'...
DEBUG IMPORTANT IMPORTANT IMPORTANT : Fetching results for query: 'campaign' '(10) results'...
DEBUG IMPORTANT IMPORTANT IMPORTANT : Fetching results for query: 'can' '(10) results'...
DEBUG IMPORTANT IMPORTANT IMPORTANT : Fetching results for query: 'cancer' '(10) results'...
DEBUG IMPORTANT IMPORTANT IMPORTANT : Fetching results for query: 'candidate' '(10) results'...
DEBUG IMPORTANT IMPORTANT IMPORTANT : Fetching results for query: 'capital' '(10) results'...
DEBUG IMPORTANT IMPORTANT IMPORTANT : Fetching results for query: 'car' '(10) results'...
DEBUG IMPORTANT IMPORTANT IMPORTANT : Fetching results for query: 'card' '(10) results'...
DEBUG IMPORTANT IMPORTANT IMPORTANT : Fetching results for query: 'care' '(10) results'...
DEBUG IMPORTANT IMPORTANT IMPORTANT : Fetching results for query: 'career' '(10) results'...
DEBUG IMPORTANT IMPORTANT IMPORTANT : Fetching results for query: 'carry' '(10) results'...
DEBUG IMPORTANT IMPORTANT IMPORTANT : Fetching results for query: 'case' '(10) results'...
DEBUG IMPORTANT IMPORTANT IMPORTANT : Fetching results for query: 'catch' '(10) results'...
DEBUG IMPORTANT IMPORTANT IMPORTANT : Fetching results for query: 'cause' '(10) results'...
DEBUG IMPORTANT IMPORTANT IMPORTANT : Fetching results for query: 'cell' '(10) results'...
DEBUG IMPORTANT IMPORTANT IMPORTANT : Fetching results for query: 'center' '(10) results'...
DEBUG IMPORTANT IMPORTANT IMPORTANT : Fetching results for query: 'central' '(10) results'...
DEBUG IMPORTANT IMPORTANT IMPORTANT : Fetching results for query: 'century' '(10) results'...
DEBUG IMPORTANT IMPORTANT IMPORTANT : Fetching results for query: 'certain' '(10) results'...
DEBUG IMPORTANT IMPORTANT IMPORTANT : Fetching results for query: 'certainly' '(10) results'...
DEBUG IMPORTANT IMPORTANT IMPORTANT : Fetching results for query: 'chair' '(10) results'...
DEBUG IMPORTANT IMPORTANT IMPORTANT : Fetching results for query: 'challenge' '(10) results'...
DEBUG IMPORTANT IMPORTANT IMPORTANT : Fetching results for query: 'chance' '(10) results'...
DEBUG IMPORTANT IMPORTANT IMPORTANT : Fetching results for query: 'change' '(10) results'...
DEBUG IMPORTANT IMPORTANT IMPORTANT : Fetching results for query: 'character' '(10) results'...
DEBUG IMPORTANT IMPORTANT IMPORTANT : Fetching results for query: 'charge' '(10) results'...
DEBUG IMPORTANT IMPORTANT IMPORTANT : Fetching results for query: 'check' '(10) results'...
DEBUG IMPORTANT IMPORTANT IMPORTANT : Fetching results for query: 'child' '(10) results'...
DEBUG IMPORTANT IMPORTANT IMPORTANT : Fetching results for query: 'choice' '(10) results'...
DEBUG IMPORTANT IMPORTANT IMPORTANT : Fetching results for query: 'choose' '(10) results'...
DEBUG IMPORTANT IMPORTANT IMPORTANT : Fetching results for query: 'church' '(10) results'...
DEBUG IMPORTANT IMPORTANT IMPORTANT : Fetching results for query: 'citizen' '(10) results'...
DEBUG IMPORTANT IMPORTANT IMPORTANT : Fetching results for query: 'city' '(10) results'...
DEBUG IMPORTANT IMPORTANT IMPORTANT : Fetching results for query: 'civil' '(10) results'...
DEBUG IMPORTANT IMPORTANT IMPORTANT : Fetching results for query: 'claim' '(10) results'...
DEBUG IMPORTANT IMPORTANT IMPORTANT : Fetching results for query: 'class' '(10) results'...
DEBUG IMPORTANT IMPORTANT IMPORTANT : Fetching results for query: 'clear' '(10) results'...
DEBUG IMPORTANT IMPORTANT IMPORTANT : Fetching results for query: 'clearly' '(10) results'...
DEBUG IMPORTANT IMPORTANT IMPORTANT : Fetching results for query: 'close' '(10) results'...
DEBUG IMPORTANT IMPORTANT IMPORTANT : Fetching results for query: 'coach' '(10) results'...
DEBUG IMPORTANT IMPORTANT IMPORTANT : Fetching results for query: 'cold' '(10) results'...
DEBUG IMPORTANT IMPORTANT IMPORTANT : Fetching results for query: 'collection' '(10) results'...
DEBUG IMPORTANT IMPORTANT IMPORTANT : Fetching results for query: 'college' '(10) results'...
DEBUG IMPORTANT IMPORTANT IMPORTANT : Fetching results for query: 'color' '(10) results'...
DEBUG IMPORTANT IMPORTANT IMPORTANT : Fetching results for query: 'come' '(10) results'...
DEBUG IMPORTANT IMPORTANT IMPORTANT : Fetching results for query: 'commercial' '(10) results'...
DEBUG IMPORTANT IMPORTANT IMPORTANT : Fetching results for query: 'common' '(10) results'...
DEBUG IMPORTANT IMPORTANT IMPORTANT : Fetching results for query: 'community' '(10) results'...
DEBUG IMPORTANT IMPORTANT IMPORTANT : Fetching results for query: 'company' '(10) results'...
DEBUG IMPORTANT IMPORTANT IMPORTANT : Fetching results for query: 'compare' '(10) results'...
DEBUG IMPORTANT IMPORTANT IMPORTANT : Fetching results for query: 'computer' '(10) results'...
DEBUG IMPORTANT IMPORTANT IMPORTANT : Fetching results for query: 'concern' '(10) results'...